Build started 9/19/2024 10:17:47 PM.
     1>Project "E:\DemonSlayer\Hope\Hope.vcxproj" on node 2 (Build target(s)).
     1>C:\Program Files (x86)\MSBuild\Microsoft.Cpp\v4.0\V120\Microsoft.CppBuild.targets(381,5): warning MSB8028: The intermediate directory (Debug\) contains files shared from another project (Demon_Slayer.vcxproj).  This can lead to incorrect clean and rebuild behavior.
     1>ClCompile:
         E:\Programs\VC\bin\CL.exe /c /ZI /nologo /W3 /WX- /sdl /Od /Oy- /D _MBCS /Gm /EHsc /RTC1 /MDd /GS /fp:precise /Zc:wchar_t /Zc:forScope /Fo"Debug\\" /Fd"Debug\vc120.pdb" /Gd /TP /analyze- /errorReport:prompt iMain.cpp
         iMain.cpp
     1>e:\demonslayer\hope\imain.cpp(49): error C2369: 'tanjirowaterbreathing1' : redefinition; different subscripts
                 e:\demonslayer\hope\imain.cpp(45) : see declaration of 'tanjirowaterbreathing1'
     1>e:\demonslayer\hope\imain.cpp(50): error C2369: 'tanjirobasicattack' : redefinition; different subscripts
                 e:\demonslayer\hope\imain.cpp(46) : see declaration of 'tanjirobasicattack'
     1>e:\demonslayer\hope\imain.cpp(51): error C2374: 'tanjirowaterbreathing11' : redefinition; multiple initialization
                 e:\demonslayer\hope\imain.cpp(47) : see declaration of 'tanjirowaterbreathing11'
     1>e:\demonslayer\hope\imain.cpp(52): error C2369: 'hinogamikagura' : redefinition; different subscripts
                 e:\demonslayer\hope\imain.cpp(48) : see declaration of 'hinogamikagura'
     1>e:\demonslayer\hope\imain.cpp(71): error C2369: 'muzan' : redefinition; different subscripts
                 e:\demonslayer\hope\imain.cpp(65) : see declaration of 'muzan'
     1>e:\demonslayer\hope\imain.cpp(72): error C2374: 'muzanstand' : redefinition; multiple initialization
                 e:\demonslayer\hope\imain.cpp(66) : see declaration of 'muzanstand'
     1>e:\demonslayer\hope\imain.cpp(73): error C2369: 'muzanatk' : redefinition; different subscripts
                 e:\demonslayer\hope\imain.cpp(67) : see declaration of 'muzanatk'
     1>e:\demonslayer\hope\imain.cpp(74): error C2369: 'muzandatk' : redefinition; different subscripts
                 e:\demonslayer\hope\imain.cpp(68) : see declaration of 'muzandatk'
     1>e:\demonslayer\hope\imain.cpp(76): error C2374: 'muzan' : redefinition; multiple initialization
                 e:\demonslayer\hope\imain.cpp(65) : see declaration of 'muzan'
     1>e:\demonslayer\hope\imain.cpp(76): warning C4129: 'm' : unrecognized character escape sequence
     1>e:\demonslayer\hope\imain.cpp(76): warning C4129: 'o' : unrecognized character escape sequence
     1>e:\demonslayer\hope\imain.cpp(76): warning C4129: 'p' : unrecognized character escape sequence
     1>e:\demonslayer\hope\imain.cpp(77): warning C4129: 'm' : unrecognized character escape sequence
     1>e:\demonslayer\hope\imain.cpp(77): error C2374: 'muzanstand' : redefinition; multiple initialization
                 e:\demonslayer\hope\imain.cpp(66) : see declaration of 'muzanstand'
     1>e:\demonslayer\hope\imain.cpp(78): error C2369: 'muzanatk' : redefinition; different subscripts
                 e:\demonslayer\hope\imain.cpp(67) : see declaration of 'muzanatk'
     1>e:\demonslayer\hope\imain.cpp(78): warning C4129: 'm' : unrecognized character escape sequence
     1>e:\demonslayer\hope\imain.cpp(78): warning C4129: 'o' : unrecognized character escape sequence
     1>e:\demonslayer\hope\imain.cpp(78): warning C4129: 'p' : unrecognized character escape sequence
     1>e:\demonslayer\hope\imain.cpp(79): error C2369: 'muzandatk' : redefinition; different subscripts
                 e:\demonslayer\hope\imain.cpp(68) : see declaration of 'muzandatk'
     1>e:\demonslayer\hope\imain.cpp(79): warning C4129: 'm' : unrecognized character escape sequence
     1>e:\demonslayer\hope\imain.cpp(79): warning C4129: 'o' : unrecognized character escape sequence
     1>e:\demonslayer\hope\imain.cpp(79): warning C4129: 'p' : unrecognized character escape sequence
     1>e:\demonslayer\hope\imain.cpp(817): warning C4129: 'q' : unrecognized character escape sequence
     1>e:\demonslayer\hope\imain.cpp(845): warning C4129: 'e' : unrecognized character escape sequence
     1>e:\demonslayer\hope\imain.cpp(868): warning C4129: 'c' : unrecognized character escape sequence
     1>e:\demonslayer\hope\imain.cpp(901): warning C4129: 'z' : unrecognized character escape sequence
     1>e:\demonslayer\hope\imain.cpp(945): error C2601: 'iSpecialKeyboard' : local function definitions are illegal
                 e:\demonslayer\hope\imain.cpp(815): this line contains a '{' which has not yet been matched
     1>e:\demonslayer\hope\imain.cpp(992): error C2601: 'changeindex' : local function definitions are illegal
                 e:\demonslayer\hope\imain.cpp(815): this line contains a '{' which has not yet been matched
     1>e:\demonslayer\hope\imain.cpp(1022): error C2601: 'main' : local function definitions are illegal
                 e:\demonslayer\hope\imain.cpp(815): this line contains a '{' which has not yet been matched
     1>e:\demonslayer\hope\imain.cpp(1050): fatal error C1075: end of file found before the left brace '{' at 'e:\demonslayer\hope\imain.cpp(815)' was matched
     1>Done Building Project "E:\DemonSlayer\Hope\Hope.vcxproj" (Build target(s)) -- FAILED.

Build FAILED.

Time Elapsed 00:00:00.50
